<?xml version="1.0" encoding="UTF-8"?>
<coverage generated="1733262352519" clover="3.2.0">
  <project timestamp="1733262352519" name="All files">
    <metrics statements="133" coveredstatements="125" conditionals="106" coveredconditionals="95" methods="52" coveredmethods="45" elements="291" coveredelements="265" complexity="0" loc="133" ncloc="133" packages="3" files="17" classes="17"/>
    <package name="components">
      <metrics statements="71" coveredstatements="70" conditionals="90" coveredconditionals="82" methods="32" coveredmethods="32"/>
      <file name="BiasDifferenceLabel.tsx" path="D:\work\University\Extracurricular\TLI\CashApp_Bias_Visualizer\CSC207-Project\view\src\components\BiasDifferenceLabel.tsx">
        <metrics statements="3" coveredstatements="3" conditionals="6" coveredconditionals="6" methods="1" coveredmethods="1"/>
        <line num="8" count="1" type="stmt"/>
        <line num="12" count="3" type="stmt"/>
        <line num="14" count="3" type="stmt"/>
      </file>
      <file name="BiasProgressBar.tsx" path="D:\work\University\Extracurricular\TLI\CashApp_Bias_Visualizer\CSC207-Project\view\src\components\BiasProgressBar.tsx">
        <metrics statements="3" coveredstatements="3" conditionals="0" coveredconditionals="0" methods="1" coveredmethods="1"/>
        <line num="2" count="2" type="stmt"/>
        <line num="8" count="2" type="stmt"/>
        <line num="11" count="10" type="stmt"/>
      </file>
      <file name="CategoryInfoModal.tsx" path="D:\work\University\Extracurricular\TLI\CashApp_Bias_Visualizer\CSC207-Project\view\src\components\CategoryInfoModal.tsx">
        <metrics statements="9" coveredstatements="9" conditionals="0" coveredconditionals="0" methods="4" coveredmethods="4"/>
        <line num="2" count="1" type="stmt"/>
        <line num="3" count="1" type="stmt"/>
        <line num="4" count="1" type="stmt"/>
        <line num="5" count="1" type="stmt"/>
        <line num="12" count="1" type="stmt"/>
        <line num="16" count="3" type="stmt"/>
        <line num="49" count="6" type="stmt"/>
        <line num="53" count="6" type="stmt"/>
        <line num="61" count="6" type="stmt"/>
      </file>
      <file name="CopyComparisonLinkButton.tsx" path="D:\work\University\Extracurricular\TLI\CashApp_Bias_Visualizer\CSC207-Project\view\src\components\CopyComparisonLinkButton.tsx">
        <metrics statements="8" coveredstatements="8" conditionals="0" coveredconditionals="0" methods="3" coveredmethods="3"/>
        <line num="1" count="1" type="stmt"/>
        <line num="2" count="1" type="stmt"/>
        <line num="10" count="1" type="stmt"/>
        <line num="14" count="1" type="stmt"/>
        <line num="15" count="1" type="stmt"/>
        <line num="21" count="1" type="stmt"/>
        <line num="22" count="1" type="stmt"/>
        <line num="25" count="1" type="stmt"/>
      </file>
      <file name="CopyLinkButton.tsx" path="D:\work\University\Extracurricular\TLI\CashApp_Bias_Visualizer\CSC207-Project\view\src\components\CopyLinkButton.tsx">
        <metrics statements="3" coveredstatements="3" conditionals="0" coveredconditionals="0" methods="2" coveredmethods="2"/>
        <line num="5" count="1" type="stmt"/>
        <line num="8" count="3" type="stmt"/>
        <line num="12" count="2" type="stmt"/>
      </file>
      <file name="DatasetSelector.tsx" path="D:\work\University\Extracurricular\TLI\CashApp_Bias_Visualizer\CSC207-Project\view\src\components\DatasetSelector.tsx">
        <metrics statements="9" coveredstatements="8" conditionals="11" coveredconditionals="9" methods="5" coveredmethods="5"/>
        <line num="10" count="1" type="stmt"/>
        <line num="16" count="5" type="stmt"/>
        <line num="19" count="1" type="cond" truecount="0" falsecount="1"/>
        <line num="20" count="0" type="stmt"/>
        <line num="22" count="1" type="stmt"/>
        <line num="26" count="5" type="stmt"/>
        <line num="37" count="2" type="stmt"/>
        <line num="38" count="3" type="cond" truecount="1" falsecount="1"/>
        <line num="48" count="8" type="stmt"/>
      </file>
      <file name="FileUploadForm.tsx" path="D:\work\University\Extracurricular\TLI\CashApp_Bias_Visualizer\CSC207-Project\view\src\components\FileUploadForm.tsx">
        <metrics statements="7" coveredstatements="7" conditionals="9" coveredconditionals="7" methods="3" coveredmethods="3"/>
        <line num="7" count="2" type="stmt"/>
        <line num="13" count="3" type="cond" truecount="3" falsecount="1"/>
        <line num="14" count="3" type="cond" truecount="1" falsecount="1"/>
        <line num="18" count="4" type="stmt"/>
        <line num="19" count="4" type="cond" truecount="1" falsecount="0"/>
        <line num="20" count="3" type="stmt"/>
        <line num="23" count="12" type="stmt"/>
      </file>
      <file name="Graph.tsx" path="D:\work\University\Extracurricular\TLI\CashApp_Bias_Visualizer\CSC207-Project\view\src\components\Graph.tsx">
        <metrics statements="12" coveredstatements="12" conditionals="45" coveredconditionals="45" methods="4" coveredmethods="4"/>
        <line num="17" count="2" type="stmt"/>
        <line num="30" count="9" type="stmt"/>
        <line num="31" count="9" type="stmt"/>
        <line num="32" count="9" type="stmt"/>
        <line num="33" count="9" type="stmt"/>
        <line num="35" count="9" type="stmt"/>
        <line num="72" count="24" type="stmt"/>
        <line num="79" count="2" type="cond" truecount="2" falsecount="0"/>
        <line num="84" count="2" type="cond" truecount="1" falsecount="0"/>
        <line num="85" count="2" type="cond" truecount="4" falsecount="0"/>
        <line num="86" count="2" type="stmt"/>
        <line num="87" count="2" type="stmt"/>
      </file>
      <file name="Modal.tsx" path="D:\work\University\Extracurricular\TLI\CashApp_Bias_Visualizer\CSC207-Project\view\src\components\Modal.tsx">
        <metrics statements="6" coveredstatements="6" conditionals="4" coveredconditionals="3" methods="2" coveredmethods="2"/>
        <line num="1" count="2" type="stmt"/>
        <line num="8" count="2" type="stmt"/>
        <line num="9" count="8" type="stmt"/>
        <line num="11" count="8" type="stmt"/>
        <line num="13" count="8" type="cond" truecount="3" falsecount="1"/>
        <line num="16" count="8" type="stmt"/>
      </file>
      <file name="Navbar.tsx" path="D:\work\University\Extracurricular\TLI\CashApp_Bias_Visualizer\CSC207-Project\view\src\components\Navbar.tsx">
        <metrics statements="8" coveredstatements="8" conditionals="15" coveredconditionals="12" methods="6" coveredmethods="6"/>
        <line num="14" count="1" type="stmt"/>
        <line num="23" count="6" type="stmt"/>
        <line num="34" count="2" type="cond" truecount="3" falsecount="0"/>
        <line num="35" count="2" type="stmt"/>
        <line num="52" count="12" type="stmt"/>
        <line num="58" count="1" type="stmt"/>
        <line num="67" count="1" type="stmt"/>
        <line num="75" count="1" type="stmt"/>
      </file>
      <file name="Tooltip.tsx" path="D:\work\University\Extracurricular\TLI\CashApp_Bias_Visualizer\CSC207-Project\view\src\components\Tooltip.tsx">
        <metrics statements="3" coveredstatements="3" conditionals="0" coveredconditionals="0" methods="1" coveredmethods="1"/>
        <line num="2" count="2" type="stmt"/>
        <line num="8" count="2" type="stmt"/>
        <line num="9" count="15" type="stmt"/>
      </file>
    </package>
    <package name="pages">
      <metrics statements="54" coveredstatements="47" conditionals="12" coveredconditionals="9" methods="18" coveredmethods="11"/>
      <file name="ComparePage.tsx" path="D:\work\University\Extracurricular\TLI\CashApp_Bias_Visualizer\CSC207-Project\view\src\pages\ComparePage.tsx">
        <metrics statements="18" coveredstatements="12" conditionals="10" coveredconditionals="7" methods="9" coveredmethods="3"/>
        <line num="1" count="1" type="stmt"/>
        <line num="2" count="1" type="stmt"/>
        <line num="3" count="1" type="stmt"/>
        <line num="4" count="1" type="stmt"/>
        <line num="5" count="1" type="stmt"/>
        <line num="6" count="1" type="stmt"/>
        <line num="8" count="1" type="stmt"/>
        <line num="18" count="1" type="stmt"/>
        <line num="25" count="7" type="stmt"/>
        <line num="27" count="7" type="stmt"/>
        <line num="67" count="4" type="stmt"/>
        <line num="71" count="4" type="stmt"/>
        <line num="74" count="0" type="cond" truecount="0" falsecount="2"/>
        <line num="81" count="0" type="stmt"/>
        <line num="100" count="0" type="stmt"/>
        <line num="108" count="0" type="stmt"/>
        <line num="112" count="0" type="stmt"/>
        <line num="122" count="0" type="stmt"/>
      </file>
      <file name="DatasetPage.tsx" path="D:\work\University\Extracurricular\TLI\CashApp_Bias_Visualizer\CSC207-Project\view\src\pages\DatasetPage.tsx">
        <metrics statements="15" coveredstatements="14" conditionals="2" coveredconditionals="2" methods="6" coveredmethods="5"/>
        <line num="1" count="1" type="stmt"/>
        <line num="2" count="1" type="stmt"/>
        <line num="3" count="1" type="stmt"/>
        <line num="4" count="1" type="stmt"/>
        <line num="5" count="1" type="stmt"/>
        <line num="6" count="1" type="stmt"/>
        <line num="8" count="1" type="stmt"/>
        <line num="14" count="1" type="stmt"/>
        <line num="15" count="12" type="stmt"/>
        <line num="19" count="12" type="stmt"/>
        <line num="47" count="24" type="stmt"/>
        <line num="51" count="0" type="stmt"/>
        <line num="56" count="3" type="stmt"/>
        <line num="57" count="4" type="stmt"/>
        <line num="68" count="1" type="stmt"/>
      </file>
      <file name="LandingPage.tsx" path="D:\work\University\Extracurricular\TLI\CashApp_Bias_Visualizer\CSC207-Project\view\src\pages\LandingPage.tsx">
        <metrics statements="4" coveredstatements="4" conditionals="0" coveredconditionals="0" methods="1" coveredmethods="1"/>
        <line num="2" count="1" type="stmt"/>
        <line num="3" count="1" type="stmt"/>
        <line num="9" count="1" type="stmt"/>
        <line num="12" count="2" type="stmt"/>
      </file>
      <file name="WelcomePage.tsx" path="D:\work\University\Extracurricular\TLI\CashApp_Bias_Visualizer\CSC207-Project\view\src\pages\WelcomePage.tsx">
        <metrics statements="17" coveredstatements="17" conditionals="0" coveredconditionals="0" methods="2" coveredmethods="2"/>
        <line num="1" count="1" type="stmt"/>
        <line num="2" count="1" type="stmt"/>
        <line num="3" count="1" type="stmt"/>
        <line num="5" count="1" type="stmt"/>
        <line num="12" count="1" type="stmt"/>
        <line num="16" count="8" type="stmt"/>
        <line num="17" count="8" type="stmt"/>
        <line num="20" count="2" type="stmt"/>
        <line num="22" count="2" type="stmt"/>
        <line num="23" count="2" type="stmt"/>
        <line num="25" count="2" type="stmt"/>
        <line num="26" count="2" type="stmt"/>
        <line num="30" count="1" type="stmt"/>
        <line num="31" count="1" type="stmt"/>
        <line num="33" count="1" type="stmt"/>
        <line num="34" count="1" type="stmt"/>
        <line num="38" count="8" type="stmt"/>
      </file>
    </package>
    <package name="utils">
      <metrics statements="8" coveredstatements="8" conditionals="4" coveredconditionals="4" methods="2" coveredmethods="2"/>
      <file name="score.ts" path="D:\work\University\Extracurricular\TLI\CashApp_Bias_Visualizer\CSC207-Project\view\src\utils\score.ts">
        <metrics statements="6" coveredstatements="6" conditionals="4" coveredconditionals="4" methods="1" coveredmethods="1"/>
        <line num="1" count="3" type="stmt"/>
        <line num="2" count="16" type="cond" truecount="2" falsecount="0"/>
        <line num="3" count="4" type="stmt"/>
        <line num="4" count="12" type="cond" truecount="2" falsecount="0"/>
        <line num="5" count="5" type="stmt"/>
        <line num="7" count="7" type="stmt"/>
      </file>
      <file name="string.ts" path="D:\work\University\Extracurricular\TLI\CashApp_Bias_Visualizer\CSC207-Project\view\src\utils\string.ts">
        <metrics statements="2" coveredstatements="2" conditionals="0" coveredconditionals="0" methods="1" coveredmethods="1"/>
        <line num="1" count="2" type="stmt"/>
        <line num="2" count="9" type="stmt"/>
      </file>
    </package>
  </project>
</coverage>
