{"D:\\work\\University\\Extracurricular\\TLI\\CashApp_Bias_Visualizer\\CSC207-Project\\view\\src\\components\\BiasDifferenceLabel.tsx": {"path":"D:\\work\\University\\Extracurricular\\TLI\\CashApp_Bias_Visualizer\\CSC207-Project\\view\\src\\components\\BiasDifferenceLabel.tsx","statementMap":{"0":{"start":{"line":8,"column":0},"end":{"line":8,"column":24}},"1":{"start":{"line":12,"column":21},"end":{"line":12,"column":64}},"2":{"start":{"line":14,"column":2},"end":{"line":32,"column":4}}},"fnMap":{"0":{"name":"BiasDifferenceDisplay","decl":{"start":{"line":8,"column":24},"end":{"line":8,"column":45}},"loc":{"start":{"line":11,"column":29},"end":{"line":33,"column":1}}}},"branchMap":{"0":{"loc":{"start":{"line":19,"column":10},"end":{"line":23,"column":null}},"type":"cond-expr","locations":[{"start":{"line":20,"column":14},"end":{"line":20,"column":25}},{"start":{"line":21,"column":14},"end":{"line":23,"column":null}}]},"1":{"loc":{"start":{"line":21,"column":14},"end":{"line":23,"column":null}},"type":"cond-expr","locations":[{"start":{"line":22,"column":14},"end":{"line":22,"column":26}},{"start":{"line":23,"column":14},"end":{"line":23,"column":null}}]},"2":{"loc":{"start":{"line":26,"column":9},"end":{"line":26,"column":51}},"type":"cond-expr","locations":[{"start":{"line":26,"column":26},"end":{"line":26,"column":37}},{"start":{"line":26,"column":40},"end":{"line":26,"column":51}}]}},"s":{"0":1,"1":3,"2":3},"f":{"0":3},"b":{"0":[1,2],"1":[1,1],"2":[1,2]}}
,"D:\\work\\University\\Extracurricular\\TLI\\CashApp_Bias_Visualizer\\CSC207-Project\\view\\src\\components\\BiasProgressBar.tsx": {"path":"D:\\work\\University\\Extracurricular\\TLI\\CashApp_Bias_Visualizer\\CSC207-Project\\view\\src\\components\\BiasProgressBar.tsx","statementMap":{"0":{"start":{"line":8,"column":0},"end":{"line":8,"column":24}},"1":{"start":{"line":2,"column":0},"end":{"line":2,"column":49}},"2":{"start":{"line":11,"column":2},"end":{"line":37,"column":4}}},"fnMap":{"0":{"name":"BiasProgressBar","decl":{"start":{"line":8,"column":24},"end":{"line":8,"column":39}},"loc":{"start":{"line":10,"column":23},"end":{"line":38,"column":1}}}},"branchMap":{},"s":{"0":2,"1":2,"2":10},"f":{"0":10},"b":{}}
,"D:\\work\\University\\Extracurricular\\TLI\\CashApp_Bias_Visualizer\\CSC207-Project\\view\\src\\components\\CategoryInfoModal.tsx": {"path":"D:\\work\\University\\Extracurricular\\TLI\\CashApp_Bias_Visualizer\\CSC207-Project\\view\\src\\components\\CategoryInfoModal.tsx","statementMap":{"0":{"start":{"line":12,"column":0},"end":{"line":12,"column":24}},"1":{"start":{"line":2,"column":0},"end":{"line":2,"column":45}},"2":{"start":{"line":3,"column":0},"end":{"line":3,"column":48}},"3":{"start":{"line":4,"column":0},"end":{"line":4,"column":28}},"4":{"start":{"line":5,"column":0},"end":{"line":5,"column":28}},"5":{"start":{"line":16,"column":2},"end":{"line":68,"column":4}},"6":{"start":{"line":49,"column":49},"end":{"line":52,"column":14}},"7":{"start":{"line":53,"column":28},"end":{"line":53,"column":38}},"8":{"start":{"line":61,"column":36},"end":{"line":61,"column":66}}},"fnMap":{"0":{"name":"CategoryInfoModal","decl":{"start":{"line":12,"column":24},"end":{"line":12,"column":41}},"loc":{"start":{"line":15,"column":29},"end":{"line":69,"column":1}}},"1":{"name":"(anonymous_2)","decl":{"start":{"line":49,"column":41},"end":{"line":49,"column":42}},"loc":{"start":{"line":49,"column":49},"end":{"line":52,"column":14}}},"2":{"name":"(anonymous_3)","decl":{"start":{"line":53,"column":22},"end":{"line":53,"column":25}},"loc":{"start":{"line":53,"column":28},"end":{"line":53,"column":38}}},"3":{"name":"(anonymous_4)","decl":{"start":{"line":61,"column":25},"end":{"line":61,"column":26}},"loc":{"start":{"line":61,"column":36},"end":{"line":61,"column":66}}}},"branchMap":{},"s":{"0":1,"1":1,"2":1,"3":1,"4":1,"5":3,"6":6,"7":6,"8":6},"f":{"0":3,"1":6,"2":6,"3":6},"b":{}}
,"D:\\work\\University\\Extracurricular\\TLI\\CashApp_Bias_Visualizer\\CSC207-Project\\view\\src\\components\\CopyComparisonLinkButton.tsx": {"path":"D:\\work\\University\\Extracurricular\\TLI\\CashApp_Bias_Visualizer\\CSC207-Project\\view\\src\\components\\CopyComparisonLinkButton.tsx","statementMap":{"0":{"start":{"line":10,"column":0},"end":{"line":10,"column":24}},"1":{"start":{"line":1,"column":0},"end":{"line":1,"column":26}},"2":{"start":{"line":2,"column":0},"end":{"line":2,"column":48}},"3":{"start":{"line":14,"column":25},"end":{"line":23,"column":4}},"4":{"start":{"line":14,"column":36},"end":{"line":23,"column":4}},"5":{"start":{"line":15,"column":21},"end":{"line":20,"column":6}},"6":{"start":{"line":21,"column":25},"end":{"line":21,"column":38}},"7":{"start":{"line":22,"column":4},"end":{"line":22,"column":80}},"8":{"start":{"line":25,"column":2},"end":{"line":33,"column":4}}},"fnMap":{"0":{"name":"CopyComparisonLinkButton","decl":{"start":{"line":10,"column":24},"end":{"line":10,"column":48}},"loc":{"start":{"line":13,"column":32},"end":{"line":34,"column":1}}},"1":{"name":"(anonymous_9)","decl":{"start":{"line":14,"column":25},"end":{"line":14,"column":34}},"loc":{"start":{"line":14,"column":36},"end":{"line":23,"column":4}}},"2":{"name":"(anonymous_10)","decl":{"start":{"line":14,"column":36},"end":{"line":14,"column":null}},"loc":{"start":{"line":14,"column":36},"end":{"line":23,"column":3}}}},"branchMap":{},"s":{"0":1,"1":1,"2":1,"3":1,"4":1,"5":1,"6":1,"7":1,"8":1},"f":{"0":1,"1":1,"2":1},"b":{}}
,"D:\\work\\University\\Extracurricular\\TLI\\CashApp_Bias_Visualizer\\CSC207-Project\\view\\src\\components\\CopyLinkButton.tsx": {"path":"D:\\work\\University\\Extracurricular\\TLI\\CashApp_Bias_Visualizer\\CSC207-Project\\view\\src\\components\\CopyLinkButton.tsx","statementMap":{"0":{"start":{"line":5,"column":2},"end":{"line":5,"column":26}},"1":{"start":{"line":8,"column":4},"end":{"line":18,"column":6}},"2":{"start":{"line":12,"column":10},"end":{"line":12,"column":82}}},"fnMap":{"0":{"name":"CopyLinkButton","decl":{"start":{"line":5,"column":26},"end":{"line":5,"column":40}},"loc":{"start":{"line":7,"column":24},"end":{"line":19,"column":3}}},"1":{"name":"(anonymous_1)","decl":{"start":{"line":11,"column":17},"end":{"line":11,"column":20}},"loc":{"start":{"line":12,"column":10},"end":{"line":12,"column":82}}}},"branchMap":{},"s":{"0":1,"1":3,"2":2},"f":{"0":3,"1":2},"b":{}}
,"D:\\work\\University\\Extracurricular\\TLI\\CashApp_Bias_Visualizer\\CSC207-Project\\view\\src\\components\\DatasetSelector.tsx": {"path":"D:\\work\\University\\Extracurricular\\TLI\\CashApp_Bias_Visualizer\\CSC207-Project\\view\\src\\components\\DatasetSelector.tsx","statementMap":{"0":{"start":{"line":10,"column":0},"end":{"line":10,"column":24}},"1":{"start":{"line":16,"column":19},"end":{"line":16,"column":37}},"2":{"start":{"line":19,"column":4},"end":{"line":21,"column":5}},"3":{"start":{"line":20,"column":6},"end":{"line":20,"column":44}},"4":{"start":{"line":22,"column":4},"end":{"line":22,"column":16}},"5":{"start":{"line":26,"column":2},"end":{"line":63,"column":4}},"6":{"start":{"line":37,"column":10},"end":{"line":39,"column":12}},"7":{"start":{"line":38,"column":33},"end":{"line":38,"column":56}},"8":{"start":{"line":48,"column":10},"end":{"line":48,"column":55}}},"fnMap":{"0":{"name":"DatasetSelector","decl":{"start":{"line":10,"column":24},"end":{"line":10,"column":39}},"loc":{"start":{"line":15,"column":23},"end":{"line":64,"column":1}}},"1":{"name":"truncateText","decl":{"start":{"line":18,"column":11},"end":{"line":18,"column":23}},"loc":{"start":{"line":18,"column":55},"end":{"line":23,"column":3}}},"2":{"name":"(anonymous_2)","decl":{"start":{"line":36,"column":18},"end":{"line":36,"column":19}},"loc":{"start":{"line":36,"column":24},"end":{"line":40,"column":9}}},"3":{"name":"(anonymous_3)","decl":{"start":{"line":38,"column":26},"end":{"line":38,"column":27}},"loc":{"start":{"line":38,"column":33},"end":{"line":38,"column":56}}},"4":{"name":"(anonymous_4)","decl":{"start":{"line":47,"column":22},"end":{"line":47,"column":23}},"loc":{"start":{"line":48,"column":10},"end":{"line":48,"column":55}}}},"branchMap":{"0":{"loc":{"start":{"line":19,"column":4},"end":{"line":21,"column":5}},"type":"if","locations":[{"start":{"line":19,"column":4},"end":{"line":21,"column":5}}]},"1":{"loc":{"start":{"line":38,"column":12},"end":{"line":38,"column":70}},"type":"binary-expr","locations":[{"start":{"line":38,"column":12},"end":{"line":38,"column":57}},{"start":{"line":38,"column":61},"end":{"line":38,"column":70}}]},"2":{"loc":{"start":{"line":41,"column":15},"end":{"line":41,"column":40}},"type":"binary-expr","locations":[{"start":{"line":41,"column":15},"end":{"line":41,"column":34}},{"start":{"line":41,"column":38},"end":{"line":41,"column":40}}]},"3":{"loc":{"start":{"line":41,"column":15},"end":{"line":41,"column":34}},"type":"cond-expr","locations":[{"start":{"line":41,"column":30},"end":{"line":41,"column":32}},{"start":{"line":41,"column":15},"end":{"line":41,"column":34}}]},"4":{"loc":{"start":{"line":41,"column":15},"end":{"line":41,"column":32}},"type":"binary-expr","locations":[{"start":{"line":41,"column":15},"end":{"line":41,"column":32}},{"start":{"line":41,"column":15},"end":{"line":41,"column":32}}]},"5":{"loc":{"start":{"line":60,"column":9},"end":{"line":60,"column":74}},"type":"cond-expr","locations":[{"start":{"line":60,"column":27},"end":{"line":60,"column":65}},{"start":{"line":60,"column":68},"end":{"line":60,"column":74}}]}},"s":{"0":1,"1":5,"2":1,"3":0,"4":1,"5":5,"6":2,"7":3,"8":8},"f":{"0":5,"1":1,"2":2,"3":3,"4":8},"b":{"0":[0],"1":[2,0],"2":[5,4],"3":[4,1],"4":[5,5],"5":[1,4]}}
,"D:\\work\\University\\Extracurricular\\TLI\\CashApp_Bias_Visualizer\\CSC207-Project\\view\\src\\components\\FileUploadForm.tsx": {"path":"D:\\work\\University\\Extracurricular\\TLI\\CashApp_Bias_Visualizer\\CSC207-Project\\view\\src\\components\\FileUploadForm.tsx","statementMap":{"0":{"start":{"line":7,"column":2},"end":{"line":7,"column":26}},"1":{"start":{"line":13,"column":27},"end":{"line":13,"column":50}},"2":{"start":{"line":14,"column":6},"end":{"line":14,"column":36}},"3":{"start":{"line":18,"column":6},"end":{"line":18,"column":29}},"4":{"start":{"line":19,"column":6},"end":{"line":19,"column":24}},"5":{"start":{"line":19,"column":17},"end":{"line":19,"column":24}},"6":{"start":{"line":20,"column":6},"end":{"line":20,"column":21}},"7":{"start":{"line":23,"column":4},"end":{"line":44,"column":6}}},"fnMap":{"0":{"name":"FileUploadForm","decl":{"start":{"line":7,"column":26},"end":{"line":7,"column":40}},"loc":{"start":{"line":11,"column":24},"end":{"line":45,"column":3}}},"1":{"name":"handleFile","decl":{"start":{"line":12,"column":13},"end":{"line":12,"column":23}},"loc":{"start":{"line":12,"column":66},"end":{"line":15,"column":5}}},"2":{"name":"handleSubmit","decl":{"start":{"line":17,"column":13},"end":{"line":17,"column":25}},"loc":{"start":{"line":17,"column":65},"end":{"line":21,"column":5}}}},"branchMap":{"0":{"loc":{"start":{"line":13,"column":27},"end":{"line":13,"column":50}},"type":"cond-expr","locations":[{"start":{"line":13,"column":45},"end":{"line":13,"column":48}},{"start":{"line":13,"column":45},"end":{"line":13,"column":50}}]},"1":{"loc":{"start":{"line":13,"column":27},"end":{"line":13,"column":48}},"type":"binary-expr","locations":[{"start":{"line":13,"column":27},"end":{"line":13,"column":48}},{"start":{"line":13,"column":45},"end":{"line":13,"column":48}}]},"2":{"loc":{"start":{"line":14,"column":14},"end":{"line":14,"column":34}},"type":"binary-expr","locations":[{"start":{"line":14,"column":14},"end":{"line":14,"column":26}},{"start":{"line":14,"column":30},"end":{"line":14,"column":34}}]},"3":{"loc":{"start":{"line":19,"column":6},"end":{"line":19,"column":24}},"type":"if","locations":[{"start":{"line":19,"column":6},"end":{"line":19,"column":24}}]},"4":{"loc":{"start":{"line":36,"column":41},"end":{"line":36,"column":78}},"type":"cond-expr","locations":[{"start":{"line":36,"column":48},"end":{"line":36,"column":57}},{"start":{"line":36,"column":60},"end":{"line":36,"column":78}}]}},"s":{"0":2,"1":3,"2":3,"3":4,"4":4,"5":1,"6":3,"7":12},"f":{"0":12,"1":3,"2":4},"b":{"0":[0,3],"1":[3,3],"2":[3,0],"3":[1],"4":[6,6]}}
,"D:\\work\\University\\Extracurricular\\TLI\\CashApp_Bias_Visualizer\\CSC207-Project\\view\\src\\components\\Graph.tsx": {"path":"D:\\work\\University\\Extracurricular\\TLI\\CashApp_Bias_Visualizer\\CSC207-Project\\view\\src\\components\\Graph.tsx","statementMap":{"0":{"start":{"line":17,"column":0},"end":{"line":17,"column":24}},"1":{"start":{"line":30,"column":19},"end":{"line":30,"column":21}},"2":{"start":{"line":31,"column":14},"end":{"line":31,"column":15}},"3":{"start":{"line":32,"column":17},"end":{"line":32,"column":19}},"4":{"start":{"line":33,"column":25},"end":{"line":33,"column":37}},"5":{"start":{"line":35,"column":2},"end":{"line":144,"column":4}},"6":{"start":{"line":72,"column":14},"end":{"line":73,"column":null}},"7":{"start":{"line":79,"column":31},"end":{"line":79,"column":67}},"8":{"start":{"line":84,"column":16},"end":{"line":89,"column":17}},"9":{"start":{"line":85,"column":18},"end":{"line":88,"column":19}},"10":{"start":{"line":86,"column":20},"end":{"line":86,"column":39}},"11":{"start":{"line":87,"column":20},"end":{"line":87,"column":43}}},"fnMap":{"0":{"name":"Graph","decl":{"start":{"line":17,"column":24},"end":{"line":17,"column":29}},"loc":{"start":{"line":29,"column":13},"end":{"line":145,"column":1}}},"1":{"name":"(anonymous_1)","decl":{"start":{"line":71,"column":25},"end":{"line":71,"column":26}},"loc":{"start":{"line":72,"column":14},"end":{"line":73,"column":null}}},"2":{"name":"(anonymous_2)","decl":{"start":{"line":79,"column":25},"end":{"line":79,"column":28}},"loc":{"start":{"line":79,"column":31},"end":{"line":79,"column":67}}},"3":{"name":"(anonymous_3)","decl":{"start":{"line":83,"column":27},"end":{"line":83,"column":28}},"loc":{"start":{"line":83,"column":33},"end":{"line":90,"column":15}}}},"branchMap":{"0":{"loc":{"start":{"line":21,"column":2},"end":{"line":21,"column":14}},"type":"default-arg","locations":[{"start":{"line":21,"column":13},"end":{"line":21,"column":14}}]},"1":{"loc":{"start":{"line":27,"column":2},"end":{"line":27,"column":34}},"type":"default-arg","locations":[{"start":{"line":27,"column":30},"end":{"line":27,"column":34}}]},"2":{"loc":{"start":{"line":52,"column":13},"end":{"line":56,"column":null}},"type":"binary-expr","locations":[{"start":{"line":52,"column":13},"end":{"line":52,"column":27}},{"start":{"line":53,"column":14},"end":{"line":55,"column":null}}]},"3":{"loc":{"start":{"line":59,"column":15},"end":{"line":59,"column":62}},"type":"cond-expr","locations":[{"start":{"line":59,"column":32},"end":{"line":59,"column":45}},{"start":{"line":59,"column":48},"end":{"line":59,"column":62}}]},"4":{"loc":{"start":{"line":68,"column":22},"end":{"line":68,"column":78}},"type":"cond-expr","locations":[{"start":{"line":68,"column":39},"end":{"line":68,"column":57}},{"start":{"line":68,"column":60},"end":{"line":68,"column":78}}]},"5":{"loc":{"start":{"line":79,"column":31},"end":{"line":79,"column":67}},"type":"binary-expr","locations":[{"start":{"line":79,"column":31},"end":{"line":79,"column":41}},{"start":{"line":79,"column":45},"end":{"line":79,"column":67}}]},"6":{"loc":{"start":{"line":80,"column":26},"end":{"line":80,"column":67}},"type":"cond-expr","locations":[{"start":{"line":80,"column":54},"end":{"line":80,"column":55}},{"start":{"line":80,"column":58},"end":{"line":80,"column":67}}]},"7":{"loc":{"start":{"line":81,"column":22},"end":{"line":81,"column":70}},"type":"cond-expr","locations":[{"start":{"line":81,"column":50},"end":{"line":81,"column":58}},{"start":{"line":81,"column":61},"end":{"line":81,"column":70}}]},"8":{"loc":{"start":{"line":84,"column":16},"end":{"line":89,"column":17}},"type":"if","locations":[{"start":{"line":84,"column":16},"end":{"line":89,"column":17}}]},"9":{"loc":{"start":{"line":85,"column":18},"end":{"line":88,"column":19}},"type":"if","locations":[{"start":{"line":85,"column":18},"end":{"line":88,"column":19}}]},"10":{"loc":{"start":{"line":85,"column":22},"end":{"line":85,"column":72}},"type":"binary-expr","locations":[{"start":{"line":85,"column":23},"end":{"line":85,"column":40}},{"start":{"line":85,"column":44},"end":{"line":85,"column":57}},{"start":{"line":85,"column":62},"end":{"line":85,"column":72}}]},"11":{"loc":{"start":{"line":100,"column":31},"end":{"line":100,"column":71}},"type":"cond-expr","locations":[{"start":{"line":100,"column":49},"end":{"line":100,"column":67}},{"start":{"line":100,"column":70},"end":{"line":100,"column":71}}]},"12":{"loc":{"start":{"line":101,"column":31},"end":{"line":101,"column":74}},"type":"cond-expr","locations":[{"start":{"line":101,"column":49},"end":{"line":101,"column":61}},{"start":{"line":101,"column":64},"end":{"line":101,"column":74}}]},"13":{"loc":{"start":{"line":107,"column":33},"end":{"line":107,"column":76}},"type":"cond-expr","locations":[{"start":{"line":107,"column":51},"end":{"line":107,"column":61}},{"start":{"line":107,"column":64},"end":{"line":107,"column":76}}]},"14":{"loc":{"start":{"line":108,"column":33},"end":{"line":108,"column":70}},"type":"cond-expr","locations":[{"start":{"line":108,"column":51},"end":{"line":108,"column":57}},{"start":{"line":108,"column":60},"end":{"line":108,"column":70}}]},"15":{"loc":{"start":{"line":109,"column":36},"end":{"line":109,"column":73}},"type":"cond-expr","locations":[{"start":{"line":109,"column":54},"end":{"line":109,"column":64}},{"start":{"line":109,"column":67},"end":{"line":109,"column":73}}]},"16":{"loc":{"start":{"line":112,"column":21},"end":{"line":114,"column":46}},"type":"cond-expr","locations":[{"start":{"line":113,"column":24},"end":{"line":113,"column":48}},{"start":{"line":114,"column":24},"end":{"line":114,"column":46}}]},"17":{"loc":{"start":{"line":122,"column":38},"end":{"line":122,"column":63}},"type":"cond-expr","locations":[{"start":{"line":122,"column":56},"end":{"line":122,"column":59}},{"start":{"line":122,"column":62},"end":{"line":122,"column":63}}]},"18":{"loc":{"start":{"line":124,"column":31},"end":{"line":124,"column":70}},"type":"cond-expr","locations":[{"start":{"line":124,"column":48},"end":{"line":124,"column":66}},{"start":{"line":124,"column":69},"end":{"line":124,"column":70}}]},"19":{"loc":{"start":{"line":125,"column":28},"end":{"line":125,"column":67}},"type":"cond-expr","locations":[{"start":{"line":125,"column":46},"end":{"line":125,"column":55}},{"start":{"line":125,"column":58},"end":{"line":125,"column":67}}]},"20":{"loc":{"start":{"line":126,"column":25},"end":{"line":126,"column":62}},"type":"cond-expr","locations":[{"start":{"line":126,"column":43},"end":{"line":126,"column":50}},{"start":{"line":126,"column":53},"end":{"line":126,"column":62}}]},"21":{"loc":{"start":{"line":128,"column":22},"end":{"line":128,"column":66}},"type":"cond-expr","locations":[{"start":{"line":128,"column":40},"end":{"line":128,"column":53}},{"start":{"line":128,"column":56},"end":{"line":128,"column":66}}]},"22":{"loc":{"start":{"line":129,"column":28},"end":{"line":129,"column":64}},"type":"cond-expr","locations":[{"start":{"line":129,"column":46},"end":{"line":129,"column":54}},{"start":{"line":129,"column":57},"end":{"line":129,"column":64}}]},"23":{"loc":{"start":{"line":140,"column":24},"end":{"line":140,"column":55}},"type":"cond-expr","locations":[{"start":{"line":140,"column":41},"end":{"line":140,"column":46}},{"start":{"line":140,"column":49},"end":{"line":140,"column":55}}]}},"s":{"0":2,"1":9,"2":9,"3":9,"4":9,"5":9,"6":24,"7":2,"8":2,"9":2,"10":2,"11":2},"f":{"0":9,"1":24,"2":2,"3":2},"b":{"0":[8],"1":[4],"2":[9,1],"3":[1,8],"4":[1,8],"5":[2,2],"6":[15,9],"7":[15,9],"8":[2],"9":[2],"10":[2,1,2],"11":[6,18],"12":[6,18],"13":[6,18],"14":[6,18],"15":[6,18],"16":[6,18],"17":[6,18],"18":[3,21],"19":[6,18],"20":[6,18],"21":[6,18],"22":[6,18],"23":[1,8]}}
,"D:\\work\\University\\Extracurricular\\TLI\\CashApp_Bias_Visualizer\\CSC207-Project\\view\\src\\components\\Modal.tsx": {"path":"D:\\work\\University\\Extracurricular\\TLI\\CashApp_Bias_Visualizer\\CSC207-Project\\view\\src\\components\\Modal.tsx","statementMap":{"0":{"start":{"line":8,"column":0},"end":{"line":8,"column":24}},"1":{"start":{"line":1,"column":0},"end":{"line":1,"column":67}},"2":{"start":{"line":9,"column":25},"end":{"line":9,"column":63}},"3":{"start":{"line":11,"column":2},"end":{"line":14,"column":9}},"4":{"start":{"line":13,"column":4},"end":{"line":13,"column":36}},"5":{"start":{"line":16,"column":2},"end":{"line":43,"column":4}}},"fnMap":{"0":{"name":"Modal","decl":{"start":{"line":8,"column":24},"end":{"line":8,"column":29}},"loc":{"start":{"line":8,"column":62},"end":{"line":44,"column":1}}},"1":{"name":"(anonymous_1)","decl":{"start":{"line":11,"column":12},"end":{"line":11,"column":15}},"loc":{"start":{"line":11,"column":17},"end":{"line":14,"column":3}}}},"branchMap":{"0":{"loc":{"start":{"line":13,"column":4},"end":{"line":13,"column":35}},"type":"cond-expr","locations":[{"start":{"line":13,"column":26},"end":{"line":13,"column":28}},{"start":{"line":13,"column":26},"end":{"line":13,"column":35}}]},"1":{"loc":{"start":{"line":13,"column":4},"end":{"line":13,"column":28}},"type":"binary-expr","locations":[{"start":{"line":13,"column":4},"end":{"line":13,"column":28}},{"start":{"line":13,"column":26},"end":{"line":13,"column":28}}]}},"s":{"0":2,"1":2,"2":8,"3":8,"4":8,"5":8},"f":{"0":8,"1":8},"b":{"0":[0,8],"1":[8,8]}}
,"D:\\work\\University\\Extracurricular\\TLI\\CashApp_Bias_Visualizer\\CSC207-Project\\view\\src\\components\\Navbar.tsx": {"path":"D:\\work\\University\\Extracurricular\\TLI\\CashApp_Bias_Visualizer\\CSC207-Project\\view\\src\\components\\Navbar.tsx","statementMap":{"0":{"start":{"line":14,"column":0},"end":{"line":14,"column":24}},"1":{"start":{"line":23,"column":2},"end":{"line":88,"column":4}},"2":{"start":{"line":34,"column":10},"end":{"line":36,"column":11}},"3":{"start":{"line":35,"column":12},"end":{"line":35,"column":24}},"4":{"start":{"line":52,"column":10},"end":{"line":60,"column":null}},"5":{"start":{"line":58,"column":27},"end":{"line":58,"column":51}},"6":{"start":{"line":67,"column":25},"end":{"line":67,"column":39}},"7":{"start":{"line":75,"column":25},"end":{"line":75,"column":39}}},"fnMap":{"0":{"name":"Navbar","decl":{"start":{"line":14,"column":24},"end":{"line":14,"column":30}},"loc":{"start":{"line":22,"column":14},"end":{"line":89,"column":1}}},"1":{"name":"(anonymous_1)","decl":{"start":{"line":33,"column":19},"end":{"line":33,"column":20}},"loc":{"start":{"line":33,"column":25},"end":{"line":37,"column":9}}},"2":{"name":"(anonymous_2)","decl":{"start":{"line":51,"column":22},"end":{"line":51,"column":23}},"loc":{"start":{"line":52,"column":10},"end":{"line":60,"column":null}}},"3":{"name":"(anonymous_3)","decl":{"start":{"line":58,"column":21},"end":{"line":58,"column":24}},"loc":{"start":{"line":58,"column":27},"end":{"line":58,"column":51}}},"4":{"name":"(anonymous_4)","decl":{"start":{"line":67,"column":19},"end":{"line":67,"column":22}},"loc":{"start":{"line":67,"column":25},"end":{"line":67,"column":39}}},"5":{"name":"(anonymous_5)","decl":{"start":{"line":75,"column":19},"end":{"line":75,"column":22}},"loc":{"start":{"line":75,"column":25},"end":{"line":75,"column":39}}}},"branchMap":{"0":{"loc":{"start":{"line":34,"column":10},"end":{"line":36,"column":11}},"type":"if","locations":[{"start":{"line":34,"column":10},"end":{"line":36,"column":11}}]},"1":{"loc":{"start":{"line":34,"column":14},"end":{"line":34,"column":48}},"type":"binary-expr","locations":[{"start":{"line":34,"column":14},"end":{"line":34,"column":31}},{"start":{"line":34,"column":35},"end":{"line":34,"column":48}}]},"2":{"loc":{"start":{"line":54,"column":14},"end":{"line":56,"column":null}},"type":"cond-expr","locations":[{"start":{"line":55,"column":18},"end":{"line":55,"column":36}},{"start":{"line":56,"column":18},"end":{"line":56,"column":null}}]},"3":{"loc":{"start":{"line":54,"column":14},"end":{"line":54,"column":null}},"type":"binary-expr","locations":[{"start":{"line":54,"column":14},"end":{"line":54,"column":38}},{"start":{"line":54,"column":42},"end":{"line":54,"column":null}}]},"4":{"loc":{"start":{"line":54,"column":57},"end":{"line":54,"column":76}},"type":"cond-expr","locations":[{"start":{"line":54,"column":72},"end":{"line":54,"column":74}},{"start":{"line":54,"column":57},"end":{"line":54,"column":76}}]},"5":{"loc":{"start":{"line":54,"column":57},"end":{"line":54,"column":74}},"type":"binary-expr","locations":[{"start":{"line":54,"column":57},"end":{"line":54,"column":74}},{"start":{"line":54,"column":57},"end":{"line":54,"column":74}}]},"6":{"loc":{"start":{"line":65,"column":12},"end":{"line":65,"column":null}},"type":"cond-expr","locations":[{"start":{"line":65,"column":41},"end":{"line":65,"column":59}},{"start":{"line":65,"column":62},"end":{"line":65,"column":null}}]},"7":{"loc":{"start":{"line":73,"column":12},"end":{"line":73,"column":null}},"type":"cond-expr","locations":[{"start":{"line":73,"column":37},"end":{"line":73,"column":55}},{"start":{"line":73,"column":58},"end":{"line":73,"column":null}}]}},"s":{"0":1,"1":6,"2":2,"3":2,"4":12,"5":1,"6":1,"7":1},"f":{"0":6,"1":2,"2":12,"3":1,"4":1,"5":1},"b":{"0":[2],"1":[2,1],"2":[1,11],"3":[12,2],"4":[0,2],"5":[2,2],"6":[0,6],"7":[0,6]}}
,"D:\\work\\University\\Extracurricular\\TLI\\CashApp_Bias_Visualizer\\CSC207-Project\\view\\src\\components\\Tooltip.tsx": {"path":"D:\\work\\University\\Extracurricular\\TLI\\CashApp_Bias_Visualizer\\CSC207-Project\\view\\src\\components\\Tooltip.tsx","statementMap":{"0":{"start":{"line":8,"column":0},"end":{"line":8,"column":24}},"1":{"start":{"line":2,"column":0},"end":{"line":2,"column":62}},"2":{"start":{"line":9,"column":2},"end":{"line":20,"column":4}}},"fnMap":{"0":{"name":"Tooltip","decl":{"start":{"line":8,"column":24},"end":{"line":8,"column":31}},"loc":{"start":{"line":8,"column":54},"end":{"line":21,"column":1}}}},"branchMap":{},"s":{"0":2,"1":2,"2":15},"f":{"0":15},"b":{}}
,"D:\\work\\University\\Extracurricular\\TLI\\CashApp_Bias_Visualizer\\CSC207-Project\\view\\src\\pages\\ComparePage.tsx": {"path":"D:\\work\\University\\Extracurricular\\TLI\\CashApp_Bias_Visualizer\\CSC207-Project\\view\\src\\pages\\ComparePage.tsx","statementMap":{"0":{"start":{"line":18,"column":0},"end":{"line":18,"column":24}},"1":{"start":{"line":1,"column":0},"end":{"line":1,"column":47}},"2":{"start":{"line":2,"column":0},"end":{"line":2,"column":70}},"3":{"start":{"line":3,"column":0},"end":{"line":3,"column":78}},"4":{"start":{"line":4,"column":0},"end":{"line":4,"column":60}},"5":{"start":{"line":5,"column":0},"end":{"line":5,"column":40}},"6":{"start":{"line":6,"column":0},"end":{"line":6,"column":40}},"7":{"start":{"line":8,"column":0},"end":{"line":8,"column":45}},"8":{"start":{"line":25,"column":50},"end":{"line":25,"column":79}},"9":{"start":{"line":27,"column":2},"end":{"line":127,"column":4}},"10":{"start":{"line":67,"column":61},"end":{"line":73,"column":14}},"11":{"start":{"line":71,"column":56},"end":{"line":71,"column":73}},"12":{"start":{"line":74,"column":34},"end":{"line":74,"column":69}},"13":{"start":{"line":81,"column":14},"end":{"line":81,"column":44}},"14":{"start":{"line":100,"column":31},"end":{"line":100,"column":58}},"15":{"start":{"line":108,"column":31},"end":{"line":108,"column":58}},"16":{"start":{"line":112,"column":32},"end":{"line":112,"column":42}},"17":{"start":{"line":122,"column":12},"end":{"line":122,"column":38}}},"fnMap":{"0":{"name":"ComparePage","decl":{"start":{"line":18,"column":24},"end":{"line":18,"column":35}},"loc":{"start":{"line":24,"column":19},"end":{"line":128,"column":1}}},"1":{"name":"(anonymous_2)","decl":{"start":{"line":67,"column":53},"end":{"line":67,"column":54}},"loc":{"start":{"line":67,"column":61},"end":{"line":73,"column":14}}},"2":{"name":"(anonymous_3)","decl":{"start":{"line":71,"column":49},"end":{"line":71,"column":50}},"loc":{"start":{"line":71,"column":56},"end":{"line":71,"column":73}}},"3":{"name":"(anonymous_4)","decl":{"start":{"line":74,"column":22},"end":{"line":74,"column":23}},"loc":{"start":{"line":74,"column":34},"end":{"line":74,"column":69}}},"4":{"name":"(anonymous_5)","decl":{"start":{"line":80,"column":24},"end":{"line":80,"column":25}},"loc":{"start":{"line":80,"column":37},"end":{"line":82,"column":13}}},"5":{"name":"(anonymous_6)","decl":{"start":{"line":100,"column":24},"end":{"line":100,"column":25}},"loc":{"start":{"line":100,"column":31},"end":{"line":100,"column":58}}},"6":{"name":"(anonymous_7)","decl":{"start":{"line":108,"column":24},"end":{"line":108,"column":25}},"loc":{"start":{"line":108,"column":31},"end":{"line":108,"column":58}}},"7":{"name":"(anonymous_8)","decl":{"start":{"line":112,"column":26},"end":{"line":112,"column":29}},"loc":{"start":{"line":112,"column":32},"end":{"line":112,"column":42}}},"8":{"name":"(anonymous_9)","decl":{"start":{"line":121,"column":19},"end":{"line":121,"column":22}},"loc":{"start":{"line":121,"column":24},"end":{"line":123,"column":11}}}},"branchMap":{"0":{"loc":{"start":{"line":54,"column":7},"end":{"line":58,"column":null}},"type":"binary-expr","locations":[{"start":{"line":54,"column":7},"end":{"line":54,"column":23}},{"start":{"line":54,"column":27},"end":{"line":54,"column":43}},{"start":{"line":55,"column":8},"end":{"line":57,"column":null}}]},"1":{"loc":{"start":{"line":62,"column":7},"end":{"line":84,"column":null}},"type":"binary-expr","locations":[{"start":{"line":62,"column":7},"end":{"line":62,"column":23}},{"start":{"line":62,"column":27},"end":{"line":62,"column":43}},{"start":{"line":63,"column":8},"end":{"line":83,"column":null}}]},"2":{"loc":{"start":{"line":74,"column":34},"end":{"line":74,"column":69}},"type":"cond-expr","locations":[{"start":{"line":74,"column":46},"end":{"line":74,"column":57}},{"start":{"line":74,"column":60},"end":{"line":74,"column":69}}]},"3":{"loc":{"start":{"line":88,"column":7},"end":{"line":124,"column":null}},"type":"binary-expr","locations":[{"start":{"line":88,"column":7},"end":{"line":88,"column":23}},{"start":{"line":89,"column":8},"end":{"line":123,"column":null}}]}},"s":{"0":1,"1":1,"2":1,"3":1,"4":1,"5":1,"6":1,"7":1,"8":7,"9":7,"10":4,"11":4,"12":0,"13":0,"14":0,"15":0,"16":0,"17":0},"f":{"0":7,"1":4,"2":4,"3":0,"4":0,"5":0,"6":0,"7":0,"8":0},"b":{"0":[7,5,4],"1":[7,5,4],"2":[0,0],"3":[7,0]}}
,"D:\\work\\University\\Extracurricular\\TLI\\CashApp_Bias_Visualizer\\CSC207-Project\\view\\src\\pages\\DatasetPage.tsx": {"path":"D:\\work\\University\\Extracurricular\\TLI\\CashApp_Bias_Visualizer\\CSC207-Project\\view\\src\\pages\\DatasetPage.tsx","statementMap":{"0":{"start":{"line":14,"column":0},"end":{"line":14,"column":24}},"1":{"start":{"line":1,"column":0},"end":{"line":1,"column":33}},"2":{"start":{"line":2,"column":0},"end":{"line":2,"column":60}},"3":{"start":{"line":3,"column":0},"end":{"line":3,"column":64}},"4":{"start":{"line":4,"column":0},"end":{"line":4,"column":58}},"5":{"start":{"line":5,"column":0},"end":{"line":5,"column":40}},"6":{"start":{"line":6,"column":0},"end":{"line":6,"column":44}},"7":{"start":{"line":8,"column":0},"end":{"line":8,"column":49}},"8":{"start":{"line":15,"column":50},"end":{"line":16,"column":null}},"9":{"start":{"line":19,"column":2},"end":{"line":72,"column":4}},"10":{"start":{"line":47,"column":48},"end":{"line":50,"column":10}},"11":{"start":{"line":51,"column":29},"end":{"line":51,"column":51}},"12":{"start":{"line":56,"column":10},"end":{"line":57,"column":null}},"13":{"start":{"line":57,"column":43},"end":{"line":57,"column":62}},"14":{"start":{"line":68,"column":25},"end":{"line":68,"column":50}}},"fnMap":{"0":{"name":"DatasetPage","decl":{"start":{"line":14,"column":24},"end":{"line":14,"column":35}},"loc":{"start":{"line":14,"column":65},"end":{"line":73,"column":1}}},"1":{"name":"(anonymous_2)","decl":{"start":{"line":47,"column":40},"end":{"line":47,"column":41}},"loc":{"start":{"line":47,"column":48},"end":{"line":50,"column":10}}},"2":{"name":"(anonymous_3)","decl":{"start":{"line":51,"column":18},"end":{"line":51,"column":19}},"loc":{"start":{"line":51,"column":29},"end":{"line":51,"column":51}}},"3":{"name":"(anonymous_4)","decl":{"start":{"line":55,"column":20},"end":{"line":55,"column":21}},"loc":{"start":{"line":56,"column":10},"end":{"line":57,"column":null}}},"4":{"name":"(anonymous_5)","decl":{"start":{"line":57,"column":36},"end":{"line":57,"column":37}},"loc":{"start":{"line":57,"column":43},"end":{"line":57,"column":62}}},"5":{"name":"(anonymous_6)","decl":{"start":{"line":68,"column":19},"end":{"line":68,"column":22}},"loc":{"start":{"line":68,"column":25},"end":{"line":68,"column":50}}}},"branchMap":{"0":{"loc":{"start":{"line":65,"column":7},"end":{"line":69,"column":null}},"type":"binary-expr","locations":[{"start":{"line":65,"column":7},"end":{"line":65,"column":23}},{"start":{"line":66,"column":8},"end":{"line":68,"column":null}}]}},"s":{"0":1,"1":1,"2":1,"3":1,"4":1,"5":1,"6":1,"7":1,"8":12,"9":12,"10":24,"11":0,"12":3,"13":4,"14":1},"f":{"0":12,"1":24,"2":0,"3":3,"4":4,"5":1},"b":{"0":[12,3]}}
,"D:\\work\\University\\Extracurricular\\TLI\\CashApp_Bias_Visualizer\\CSC207-Project\\view\\src\\pages\\LandingPage.tsx": {"path":"D:\\work\\University\\Extracurricular\\TLI\\CashApp_Bias_Visualizer\\CSC207-Project\\view\\src\\pages\\LandingPage.tsx","statementMap":{"0":{"start":{"line":9,"column":0},"end":{"line":9,"column":24}},"1":{"start":{"line":2,"column":0},"end":{"line":2,"column":54}},"2":{"start":{"line":3,"column":0},"end":{"line":3,"column":58}},"3":{"start":{"line":12,"column":2},"end":{"line":19,"column":4}}},"fnMap":{"0":{"name":"LandingPage","decl":{"start":{"line":9,"column":24},"end":{"line":9,"column":35}},"loc":{"start":{"line":11,"column":19},"end":{"line":20,"column":1}}}},"branchMap":{},"s":{"0":1,"1":1,"2":1,"3":2},"f":{"0":2},"b":{}}
,"D:\\work\\University\\Extracurricular\\TLI\\CashApp_Bias_Visualizer\\CSC207-Project\\view\\src\\pages\\WelcomePage.tsx": {"path":"D:\\work\\University\\Extracurricular\\TLI\\CashApp_Bias_Visualizer\\CSC207-Project\\view\\src\\pages\\WelcomePage.tsx","statementMap":{"0":{"start":{"line":12,"column":0},"end":{"line":12,"column":24}},"1":{"start":{"line":1,"column":0},"end":{"line":1,"column":26}},"2":{"start":{"line":2,"column":0},"end":{"line":2,"column":47}},"3":{"start":{"line":3,"column":0},"end":{"line":3,"column":48}},"4":{"start":{"line":5,"column":0},"end":{"line":5,"column":58}},"5":{"start":{"line":16,"column":26},"end":{"line":16,"column":53}},"6":{"start":{"line":17,"column":42},"end":{"line":17,"column":62}},"7":{"start":{"line":20,"column":4},"end":{"line":20,"column":15}},"8":{"start":{"line":22,"column":21},"end":{"line":22,"column":35}},"9":{"start":{"line":23,"column":4},"end":{"line":23,"column":34}},"10":{"start":{"line":25,"column":4},"end":{"line":35,"column":5}},"11":{"start":{"line":26,"column":23},"end":{"line":28,"column":null}},"12":{"start":{"line":30,"column":6},"end":{"line":30,"column":31}},"13":{"start":{"line":31,"column":6},"end":{"line":31,"column":53}},"14":{"start":{"line":33,"column":6},"end":{"line":33,"column":27}},"15":{"start":{"line":34,"column":6},"end":{"line":34,"column":63}},"16":{"start":{"line":38,"column":2},"end":{"line":52,"column":4}}},"fnMap":{"0":{"name":"WelcomePage","decl":{"start":{"line":12,"column":24},"end":{"line":12,"column":35}},"loc":{"start":{"line":15,"column":19},"end":{"line":53,"column":1}}},"1":{"name":"handleFileSubmit","decl":{"start":{"line":19,"column":17},"end":{"line":19,"column":33}},"loc":{"start":{"line":19,"column":44},"end":{"line":36,"column":null}}}},"branchMap":{},"s":{"0":1,"1":1,"2":1,"3":1,"4":1,"5":8,"6":8,"7":2,"8":2,"9":2,"10":2,"11":2,"12":1,"13":1,"14":1,"15":1,"16":8},"f":{"0":8,"1":2},"b":{}}
,"D:\\work\\University\\Extracurricular\\TLI\\CashApp_Bias_Visualizer\\CSC207-Project\\view\\src\\utils\\score.ts": {"path":"D:\\work\\University\\Extracurricular\\TLI\\CashApp_Bias_Visualizer\\CSC207-Project\\view\\src\\utils\\score.ts","statementMap":{"0":{"start":{"line":1,"column":0},"end":{"line":1,"column":16}},"1":{"start":{"line":2,"column":2},"end":{"line":8,"column":3}},"2":{"start":{"line":3,"column":4},"end":{"line":3,"column":23}},"3":{"start":{"line":4,"column":9},"end":{"line":8,"column":3}},"4":{"start":{"line":5,"column":4},"end":{"line":5,"column":24}},"5":{"start":{"line":7,"column":4},"end":{"line":7,"column":21}}},"fnMap":{"0":{"name":"getColorByScore","decl":{"start":{"line":1,"column":16},"end":{"line":1,"column":31}},"loc":{"start":{"line":1,"column":45},"end":{"line":9,"column":1}}}},"branchMap":{"0":{"loc":{"start":{"line":2,"column":2},"end":{"line":8,"column":3}},"type":"if","locations":[{"start":{"line":2,"column":2},"end":{"line":8,"column":3}},{"start":{"line":4,"column":9},"end":{"line":8,"column":3}}]},"1":{"loc":{"start":{"line":4,"column":9},"end":{"line":8,"column":3}},"type":"if","locations":[{"start":{"line":4,"column":9},"end":{"line":8,"column":3}},{"start":{"line":6,"column":9},"end":{"line":8,"column":3}}]}},"s":{"0":3,"1":16,"2":4,"3":12,"4":5,"5":7},"f":{"0":16},"b":{"0":[4,12],"1":[5,7]}}
,"D:\\work\\University\\Extracurricular\\TLI\\CashApp_Bias_Visualizer\\CSC207-Project\\view\\src\\utils\\string.ts": {"path":"D:\\work\\University\\Extracurricular\\TLI\\CashApp_Bias_Visualizer\\CSC207-Project\\view\\src\\utils\\string.ts","statementMap":{"0":{"start":{"line":1,"column":0},"end":{"line":1,"column":16}},"1":{"start":{"line":2,"column":2},"end":{"line":2,"column":48}}},"fnMap":{"0":{"name":"capitalize","decl":{"start":{"line":1,"column":16},"end":{"line":1,"column":26}},"loc":{"start":{"line":1,"column":36},"end":{"line":3,"column":1}}}},"branchMap":{},"s":{"0":2,"1":9},"f":{"0":9},"b":{}}
}
