TN:
SF:src\components\BiasDifferenceLabel.tsx
FN:8,BiasDifferenceDisplay
FNF:1
FNH:1
FNDA:3,BiasDifferenceDisplay
DA:8,1
DA:12,3
DA:14,3
LF:3
LH:3
BRDA:19,0,0,1
BRDA:19,0,1,2
BRDA:21,1,0,1
BRDA:21,1,1,1
BRDA:26,2,0,1
BRDA:26,2,1,2
BRF:6
BRH:6
end_of_record
TN:
SF:src\components\BiasProgressBar.tsx
FN:8,BiasProgressBar
FNF:1
FNH:1
FNDA:10,BiasProgressBar
DA:2,2
DA:8,2
DA:11,10
LF:3
LH:3
BRF:0
BRH:0
end_of_record
TN:
SF:src\components\CategoryInfoModal.tsx
FN:12,CategoryInfoModal
FN:49,(anonymous_2)
FN:53,(anonymous_3)
FN:61,(anonymous_4)
FNF:4
FNH:4
FNDA:3,CategoryInfoModal
FNDA:6,(anonymous_2)
FNDA:6,(anonymous_3)
FNDA:6,(anonymous_4)
DA:2,1
DA:3,1
DA:4,1
DA:5,1
DA:12,1
DA:16,3
DA:49,6
DA:53,6
DA:61,6
LF:9
LH:9
BRF:0
BRH:0
end_of_record
TN:
SF:src\components\CopyComparisonLinkButton.tsx
FN:10,CopyComparisonLinkButton
FN:14,(anonymous_9)
FN:14,(anonymous_10)
FNF:3
FNH:3
FNDA:1,CopyComparisonLinkButton
FNDA:1,(anonymous_9)
FNDA:1,(anonymous_10)
DA:1,1
DA:2,1
DA:10,1
DA:14,1
DA:15,1
DA:21,1
DA:22,1
DA:25,1
LF:8
LH:8
BRF:0
BRH:0
end_of_record
TN:
SF:src\components\CopyLinkButton.tsx
FN:5,CopyLinkButton
FN:11,(anonymous_1)
FNF:2
FNH:2
FNDA:3,CopyLinkButton
FNDA:2,(anonymous_1)
DA:5,1
DA:8,3
DA:12,2
LF:3
LH:3
BRF:0
BRH:0
end_of_record
TN:
SF:src\components\DatasetSelector.tsx
FN:10,DatasetSelector
FN:18,truncateText
FN:36,(anonymous_2)
FN:38,(anonymous_3)
FN:47,(anonymous_4)
FNF:5
FNH:5
FNDA:5,DatasetSelector
FNDA:1,truncateText
FNDA:2,(anonymous_2)
FNDA:3,(anonymous_3)
FNDA:8,(anonymous_4)
DA:10,1
DA:16,5
DA:19,1
DA:20,0
DA:22,1
DA:26,5
DA:37,2
DA:38,3
DA:48,8
LF:9
LH:8
BRDA:19,0,0,0
BRDA:38,1,0,2
BRDA:38,1,1,0
BRDA:41,2,0,5
BRDA:41,2,1,4
BRDA:41,3,0,4
BRDA:41,3,1,1
BRDA:41,4,0,5
BRDA:41,4,1,5
BRDA:60,5,0,1
BRDA:60,5,1,4
BRF:11
BRH:9
end_of_record
TN:
SF:src\components\FileUploadForm.tsx
FN:7,FileUploadForm
FN:12,handleFile
FN:17,handleSubmit
FNF:3
FNH:3
FNDA:12,FileUploadForm
FNDA:3,handleFile
FNDA:4,handleSubmit
DA:7,2
DA:13,3
DA:14,3
DA:18,4
DA:19,4
DA:20,3
DA:23,12
LF:7
LH:7
BRDA:13,0,0,0
BRDA:13,0,1,3
BRDA:13,1,0,3
BRDA:13,1,1,3
BRDA:14,2,0,3
BRDA:14,2,1,0
BRDA:19,3,0,1
BRDA:36,4,0,6
BRDA:36,4,1,6
BRF:9
BRH:7
end_of_record
TN:
SF:src\components\Graph.tsx
FN:17,Graph
FN:71,(anonymous_1)
FN:79,(anonymous_2)
FN:83,(anonymous_3)
FNF:4
FNH:4
FNDA:9,Graph
FNDA:24,(anonymous_1)
FNDA:2,(anonymous_2)
FNDA:2,(anonymous_3)
DA:17,2
DA:30,9
DA:31,9
DA:32,9
DA:33,9
DA:35,9
DA:72,24
DA:79,2
DA:84,2
DA:85,2
DA:86,2
DA:87,2
LF:12
LH:12
BRDA:21,0,0,8
BRDA:27,1,0,4
BRDA:52,2,0,9
BRDA:52,2,1,1
BRDA:59,3,0,1
BRDA:59,3,1,8
BRDA:68,4,0,1
BRDA:68,4,1,8
BRDA:79,5,0,2
BRDA:79,5,1,2
BRDA:80,6,0,15
BRDA:80,6,1,9
BRDA:81,7,0,15
BRDA:81,7,1,9
BRDA:84,8,0,2
BRDA:85,9,0,2
BRDA:85,10,0,2
BRDA:85,10,1,1
BRDA:85,10,2,2
BRDA:100,11,0,6
BRDA:100,11,1,18
BRDA:101,12,0,6
BRDA:101,12,1,18
BRDA:107,13,0,6
BRDA:107,13,1,18
BRDA:108,14,0,6
BRDA:108,14,1,18
BRDA:109,15,0,6
BRDA:109,15,1,18
BRDA:112,16,0,6
BRDA:112,16,1,18
BRDA:122,17,0,6
BRDA:122,17,1,18
BRDA:124,18,0,3
BRDA:124,18,1,21
BRDA:125,19,0,6
BRDA:125,19,1,18
BRDA:126,20,0,6
BRDA:126,20,1,18
BRDA:128,21,0,6
BRDA:128,21,1,18
BRDA:129,22,0,6
BRDA:129,22,1,18
BRDA:140,23,0,1
BRDA:140,23,1,8
BRF:45
BRH:45
end_of_record
TN:
SF:src\components\Modal.tsx
FN:8,Modal
FN:11,(anonymous_1)
FNF:2
FNH:2
FNDA:8,Modal
FNDA:8,(anonymous_1)
DA:1,2
DA:8,2
DA:9,8
DA:11,8
DA:13,8
DA:16,8
LF:6
LH:6
BRDA:13,0,0,0
BRDA:13,0,1,8
BRDA:13,1,0,8
BRDA:13,1,1,8
BRF:4
BRH:3
end_of_record
TN:
SF:src\components\Navbar.tsx
FN:14,Navbar
FN:33,(anonymous_1)
FN:51,(anonymous_2)
FN:58,(anonymous_3)
FN:67,(anonymous_4)
FN:75,(anonymous_5)
FNF:6
FNH:6
FNDA:6,Navbar
FNDA:2,(anonymous_1)
FNDA:12,(anonymous_2)
FNDA:1,(anonymous_3)
FNDA:1,(anonymous_4)
FNDA:1,(anonymous_5)
DA:14,1
DA:23,6
DA:34,2
DA:35,2
DA:52,12
DA:58,1
DA:67,1
DA:75,1
LF:8
LH:8
BRDA:34,0,0,2
BRDA:34,1,0,2
BRDA:34,1,1,1
BRDA:54,2,0,1
BRDA:54,2,1,11
BRDA:54,3,0,12
BRDA:54,3,1,2
BRDA:54,4,0,0
BRDA:54,4,1,2
BRDA:54,5,0,2
BRDA:54,5,1,2
BRDA:65,6,0,0
BRDA:65,6,1,6
BRDA:73,7,0,0
BRDA:73,7,1,6
BRF:15
BRH:12
end_of_record
TN:
SF:src\components\Tooltip.tsx
FN:8,Tooltip
FNF:1
FNH:1
FNDA:15,Tooltip
DA:2,2
DA:8,2
DA:9,15
LF:3
LH:3
BRF:0
BRH:0
end_of_record
TN:
SF:src\pages\ComparePage.tsx
FN:18,ComparePage
FN:67,(anonymous_2)
FN:71,(anonymous_3)
FN:74,(anonymous_4)
FN:80,(anonymous_5)
FN:100,(anonymous_6)
FN:108,(anonymous_7)
FN:112,(anonymous_8)
FN:121,(anonymous_9)
FNF:9
FNH:3
FNDA:7,ComparePage
FNDA:4,(anonymous_2)
FNDA:4,(anonymous_3)
FNDA:0,(anonymous_4)
FNDA:0,(anonymous_5)
FNDA:0,(anonymous_6)
FNDA:0,(anonymous_7)
FNDA:0,(anonymous_8)
FNDA:0,(anonymous_9)
DA:1,1
DA:2,1
DA:3,1
DA:4,1
DA:5,1
DA:6,1
DA:8,1
DA:18,1
DA:25,7
DA:27,7
DA:67,4
DA:71,4
DA:74,0
DA:81,0
DA:100,0
DA:108,0
DA:112,0
DA:122,0
LF:18
LH:12
BRDA:54,0,0,7
BRDA:54,0,1,5
BRDA:54,0,2,4
BRDA:62,1,0,7
BRDA:62,1,1,5
BRDA:62,1,2,4
BRDA:74,2,0,0
BRDA:74,2,1,0
BRDA:88,3,0,7
BRDA:88,3,1,0
BRF:10
BRH:7
end_of_record
TN:
SF:src\pages\DatasetPage.tsx
FN:14,DatasetPage
FN:47,(anonymous_2)
FN:51,(anonymous_3)
FN:55,(anonymous_4)
FN:57,(anonymous_5)
FN:68,(anonymous_6)
FNF:6
FNH:5
FNDA:12,DatasetPage
FNDA:24,(anonymous_2)
FNDA:0,(anonymous_3)
FNDA:3,(anonymous_4)
FNDA:4,(anonymous_5)
FNDA:1,(anonymous_6)
DA:1,1
DA:2,1
DA:3,1
DA:4,1
DA:5,1
DA:6,1
DA:8,1
DA:14,1
DA:15,12
DA:19,12
DA:47,24
DA:51,0
DA:56,3
DA:57,4
DA:68,1
LF:15
LH:14
BRDA:65,0,0,12
BRDA:65,0,1,3
BRF:2
BRH:2
end_of_record
TN:
SF:src\pages\LandingPage.tsx
FN:9,LandingPage
FNF:1
FNH:1
FNDA:2,LandingPage
DA:2,1
DA:3,1
DA:9,1
DA:12,2
LF:4
LH:4
BRF:0
BRH:0
end_of_record
TN:
SF:src\pages\WelcomePage.tsx
FN:12,WelcomePage
FN:19,handleFileSubmit
FNF:2
FNH:2
FNDA:8,WelcomePage
FNDA:2,handleFileSubmit
DA:1,1
DA:2,1
DA:3,1
DA:5,1
DA:12,1
DA:16,8
DA:17,8
DA:20,2
DA:22,2
DA:23,2
DA:25,2
DA:26,2
DA:30,1
DA:31,1
DA:33,1
DA:34,1
DA:38,8
LF:17
LH:17
BRF:0
BRH:0
end_of_record
TN:
SF:src\utils\score.ts
FN:1,getColorByScore
FNF:1
FNH:1
FNDA:16,getColorByScore
DA:1,3
DA:2,16
DA:3,4
DA:4,12
DA:5,5
DA:7,7
LF:6
LH:6
BRDA:2,0,0,4
BRDA:2,0,1,12
BRDA:4,1,0,5
BRDA:4,1,1,7
BRF:4
BRH:4
end_of_record
TN:
SF:src\utils\string.ts
FN:1,capitalize
FNF:1
FNH:1
FNDA:9,capitalize
DA:1,2
DA:2,9
LF:2
LH:2
BRF:0
BRH:0
end_of_record
